000 (181333.000.000) 2024-08-10 16:52:15 Job submitted from host: <131.227.81.127:9618?addrs=131.227.81.127-9618&alias=aisurrey-condor.surrey.ac.uk&noUDP&sock=schedd_1795_cc96>
...
040 (181333.000.000) 2024-08-10 18:04:27 Started transferring input files
	Transferring to host: <10.4.1.35:9618?addrs=10.4.1.35-9618&alias=aisurrey25.surrey.ac.uk&noUDP&sock=slot1_5_6735_2aab_533>
...
001 (181333.000.000) 2024-08-10 18:04:52 Job executing on host: <10.4.1.35:9618?addrs=10.4.1.35-9618&alias=aisurrey25.surrey.ac.uk&noUDP&sock=startd_6582_4873>
...
040 (181333.000.000) 2024-08-10 18:04:52 Finished transferring input files
...
006 (181333.000.000) 2024-08-10 18:10:08 Image size of job updated: 7156
	7156  -  MemoryUsage of job (MB)
	7328312  -  ResidentSetSize of job (KB)
...
006 (181333.000.000) 2024-08-10 18:15:08 Image size of job updated: 9379
	9379  -  MemoryUsage of job (MB)
	9604888  -  ResidentSetSize of job (KB)
...
004 (181333.000.000) 2024-08-10 21:04:34 Job was evicted.
	(0) CPU times
		Usr 0 02:41:47, Sys 0 00:10:58  -  Run Remote Usage
		Usr 0 00:00:00, Sys 0 00:00:00  -  Run Local Usage
	0  -  Run Bytes Sent By Job
	2387113728  -  Run Bytes Received By Job
	Partitionable Resources :      Usage  Request Allocated Assigned
	   Cpus                 :       0.00        2         2 
	   Disk (KB)            : 3732688     2500000  12413168 
	   Gpus (Average)       :       0.34        1         1 "GPU-fea11dfe-a389-b2d3-ca6a-c435b507d158"
	   GpusMemory (MB)      :   72397                       
	   Memory (MB)          :    9379       12288     12288 
...
040 (181333.000.000) 2024-08-10 23:23:39 Started transferring input files
	Transferring to host: <10.4.1.34:9618?addrs=10.4.1.34-9618&alias=aisurrey24.surrey.ac.uk&noUDP&sock=slot1_1_6652_af88_702>
...
040 (181333.000.000) 2024-08-10 23:24:02 Finished transferring input files
...
001 (181333.000.000) 2024-08-10 23:24:02 Job executing on host: <10.4.1.34:9618?addrs=10.4.1.34-9618&alias=aisurrey24.surrey.ac.uk&noUDP&sock=startd_6493_3c85>
...
004 (181333.000.000) 2024-08-11 02:26:44 Job was evicted.
	(0) CPU times
		Usr 0 02:45:35, Sys 0 00:13:09  -  Run Remote Usage
		Usr 0 00:00:00, Sys 0 00:00:00  -  Run Local Usage
	0  -  Run Bytes Sent By Job
	2387113728  -  Run Bytes Received By Job
	Partitionable Resources :      Usage  Request Allocated Assigned
	   Cpus                 :       0.00        2         2 
	   Disk (KB)            : 3748689     3750000  12413168 
	   Gpus (Average)       :       0.36        1         1 "GPU-d0f56fbb-f229-6a3f-afa3-0ccd6e9d5432"
	   GpusMemory (MB)      :   72403                       
	   Memory (MB)          :    9379       12288     12288 
...
040 (181333.000.000) 2024-08-11 03:26:43 Started transferring input files
	Transferring to host: <10.4.1.34:9618?addrs=10.4.1.34-9618&alias=aisurrey24.surrey.ac.uk&noUDP&sock=slot1_1_6652_af88_706>
...
040 (181333.000.000) 2024-08-11 03:27:06 Finished transferring input files
...
001 (181333.000.000) 2024-08-11 03:27:06 Job executing on host: <10.4.1.34:9618?addrs=10.4.1.34-9618&alias=aisurrey24.surrey.ac.uk&noUDP&sock=startd_6493_3c85>
...
004 (181333.000.000) 2024-08-11 07:35:29 Job was evicted.
	(0) CPU times
		Usr 0 03:48:10, Sys 0 00:17:40  -  Run Remote Usage
		Usr 0 00:00:00, Sys 0 00:00:00  -  Run Local Usage
	0  -  Run Bytes Sent By Job
	2387113728  -  Run Bytes Received By Job
	Partitionable Resources :      Usage  Request Allocated Assigned
	   Cpus                 :       0.00        2         2 
	   Disk (KB)            : 3838243     3750000  12413168 
	   Gpus (Average)       :       0.36        1         1 "GPU-1ec331fb-93fb-0a46-21eb-3eab55ab728b"
	   GpusMemory (MB)      :   72423                       
	   Memory (MB)          :    9379       12288     12288 
...
040 (181333.000.000) 2024-08-11 11:05:05 Started transferring input files
	Transferring to host: <10.4.1.33:9618?addrs=10.4.1.33-9618+[fde1-53ba-e9a0-de11-8812-aecc-5e2e-8f4b]-9618&alias=aisurrey23.surrey.ac.uk&noUDP&sock=slot1_4_5709_41c1_1043>
...
001 (181333.000.000) 2024-08-11 11:05:27 Job executing on host: <10.4.1.33:9618?addrs=10.4.1.33-9618+[fde1-53ba-e9a0-de11-8812-aecc-5e2e-8f4b]-9618&alias=aisurrey23.surrey.ac.uk&noUDP&sock=startd_5562_a5d9>
...
040 (181333.000.000) 2024-08-11 11:05:27 Finished transferring input files
...
004 (181333.000.000) 2024-08-11 14:09:56 Job was evicted.
	(0) CPU times
		Usr 0 02:47:19, Sys 0 00:11:23  -  Run Remote Usage
		Usr 0 00:00:00, Sys 0 00:00:00  -  Run Local Usage
	0  -  Run Bytes Sent By Job
	2387113728  -  Run Bytes Received By Job
	Partitionable Resources :      Usage  Request Allocated Assigned
	   Cpus                 :       0           2         2 
	   Disk (KB)            : 3781997     4000000   9374718 
	   Gpus (Average)       :       0.36        1         1 "CUDA3"
	   GpusMemory (MB)      :   72466                       
	   Memory (MB)          :    9379       12288     12288 
...
040 (181333.000.000) 2024-08-11 15:37:24 Started transferring input files
	Transferring to host: <10.4.1.31:9618?addrs=10.4.1.31-9618+[fde1-53ba-e9a0-de11-ced4-5646-b6b-8b54]-9618&alias=aisurrey21.surrey.ac.uk&noUDP&sock=slot1_3_5587_4bfc_164>
...
001 (181333.000.000) 2024-08-11 15:37:47 Job executing on host: <10.4.1.31:9618?addrs=10.4.1.31-9618+[fde1-53ba-e9a0-de11-ced4-5646-b6b-8b54]-9618&alias=aisurrey21.surrey.ac.uk&noUDP&sock=startd_5484_2576>
...
040 (181333.000.000) 2024-08-11 15:37:47 Finished transferring input files
...
006 (181333.000.000) 2024-08-11 15:42:58 Image size of job updated: 10000
	9531  -  MemoryUsage of job (MB)
	10000000  -  ResidentSetSize of job (KB)
...
004 (181333.000.000) 2024-08-11 18:44:34 Job was evicted.
	(0) CPU times
		Usr 0 02:52:47, Sys 0 00:12:21  -  Run Remote Usage
		Usr 0 00:00:00, Sys 0 00:00:00  -  Run Local Usage
	0  -  Run Bytes Sent By Job
	2387113728  -  Run Bytes Received By Job
	Partitionable Resources :    Usage  Request Allocated Assigned
	   Cpus                 :        0        2         2 
	   Disk (KB)            :  3784927  4000000   5816256 
	   Gpus (Average)       :        0        1         1 "GPU-d0b423a7-23ed-a368-1563-3eebb026afa5"
	   GpusMemory (MB)      :    72404                    
	   Memory (MB)          :     9531    12288     12288 
...
040 (181333.000.000) 2024-08-11 19:39:16 Started transferring input files
	Transferring to host: <10.4.1.31:9618?addrs=10.4.1.31-9618+[fde1-53ba-e9a0-de11-ced4-5646-b6b-8b54]-9618&alias=aisurrey21.surrey.ac.uk&noUDP&sock=slot1_3_5587_4bfc_167>
...
001 (181333.000.000) 2024-08-11 19:39:39 Job executing on host: <10.4.1.31:9618?addrs=10.4.1.31-9618+[fde1-53ba-e9a0-de11-ced4-5646-b6b-8b54]-9618&alias=aisurrey21.surrey.ac.uk&noUDP&sock=startd_5484_2576>
...
040 (181333.000.000) 2024-08-11 19:39:39 Finished transferring input files
...
040 (181333.000.000) 2024-08-12 00:07:46 Started transferring output files
...
040 (181333.000.000) 2024-08-12 00:08:39 Finished transferring output files
...
005 (181333.000.000) 2024-08-12 00:08:42 Job terminated.
	(1) Normal termination (return value 0)
		Usr 0 04:12:54, Sys 0 00:18:00  -  Run Remote Usage
		Usr 0 00:00:00, Sys 0 00:00:00  -  Run Local Usage
		Usr 0 19:08:32, Sys 0 01:23:31  -  Total Remote Usage
		Usr 0 00:00:00, Sys 0 00:00:00  -  Total Local Usage
	4091199232  -  Run Bytes Sent By Job
	2387113728  -  Run Bytes Received By Job
	4091199232  -  Total Bytes Sent By Job
	14322682880  -  Total Bytes Received By Job
	Partitionable Resources :      Usage  Request Allocated Assigned
	   Cpus                 :       0.00        2         2 
	   Disk (KB)            : 3995337     4000000   5816256 
	   Gpus (Average)       :       0.47        1         1 "GPU-53eff791-400d-a1b0-6480-127b2e734dd4"
	   GpusMemory (MB)      :   72142                       
	   Memory (MB)          :    9531       12288     12288 

	Job terminated of its own accord at 2024-08-11T23:07:46Z.
...
