
==========
== CUDA ==
==========

CUDA Version 12.1.1

Container image Copyright (c) 2016-2023, NVIDIA CORPORATION & AFFILIATES. All rights reserved.

This container image and its contents are governed by the NVIDIA Deep Learning Container License.
By pulling and using the container, you accept the terms and conditions of this license:
https://developer.nvidia.com/ngc/nvidia-deep-learning-container-license

A copy of this license is made available in this container at /NGC-DL-CONTAINER-LICENSE for your convenience.

load weight from: /scratch/condor/dir_515724/externals/R2ET/pretrain/shape_aware.pt
Reading ./data/t2m/t2m_motiondiffuse/opt.txt
unet from config
controlnet unet from config
[INFO] Trainer: demo | 2024-08-13_03-56-00 | cuda | fp32 | ./exp/demo/A pink 
pig/pigrabbit
[INFO] #parameters: 12609473
[INFO] Training from scratch ...
==> Start Training ./exp/demo/A pink pig/pigrabbit Epoch 1, lr=0.050000 ...
load checkpoint from http path: https://openmmlab-share.oss-cn-hangzhou.aliyuncs.com/mmhuman3d/models/smoothnet/smoothnet_windowsize8.pth.tar?versionId=CAEQPhiBgMDo0s7shhgiIDgzNTRmNWM2ZWEzYTQyYzRhNzUwYTkzZWZkMmU5MWEw
==> Finished Epoch 1.
++> Evaluate ./exp/demo/A pink pig/pigrabbit at epoch 1 ...
++> Evaluate epoch 1 Finished.
==> Start Training ./exp/demo/A pink pig/pigrabbit Epoch 2, lr=0.048862 ...
load checkpoint from http path: https://openmmlab-share.oss-cn-hangzhou.aliyuncs.com/mmhuman3d/models/smoothnet/smoothnet_windowsize8.pth.tar?versionId=CAEQPhiBgMDo0s7shhgiIDgzNTRmNWM2ZWEzYTQyYzRhNzUwYTkzZWZkMmU5MWEw
==> Finished Epoch 2.
++> Evaluate ./exp/demo/A pink pig/pigrabbit at epoch 2 ...
++> Evaluate epoch 2 Finished.
==> Start Training ./exp/demo/A pink pig/pigrabbit Epoch 3, lr=0.047750 ...
load checkpoint from http path: https://openmmlab-share.oss-cn-hangzhou.aliyuncs.com/mmhuman3d/models/smoothnet/smoothnet_windowsize8.pth.tar?versionId=CAEQPhiBgMDo0s7shhgiIDgzNTRmNWM2ZWEzYTQyYzRhNzUwYTkzZWZkMmU5MWEw
==> Finished Epoch 3.
++> Evaluate ./exp/demo/A pink pig/pigrabbit at epoch 3 ...
++> Evaluate epoch 3 Finished.
==> Start Training ./exp/demo/A pink pig/pigrabbit Epoch 4, lr=0.046663 ...
load checkpoint from http path: https://openmmlab-share.oss-cn-hangzhou.aliyuncs.com/mmhuman3d/models/smoothnet/smoothnet_windowsize8.pth.tar?versionId=CAEQPhiBgMDo0s7shhgiIDgzNTRmNWM2ZWEzYTQyYzRhNzUwYTkzZWZkMmU5MWEw
==> Finished Epoch 4.
++> Evaluate ./exp/demo/A pink pig/pigrabbit at epoch 4 ...
++> Evaluate epoch 4 Finished.
==> Start Training ./exp/demo/A pink pig/pigrabbit Epoch 5, lr=0.045601 ...
load checkpoint from http path: https://openmmlab-share.oss-cn-hangzhou.aliyuncs.com/mmhuman3d/models/smoothnet/smoothnet_windowsize8.pth.tar?versionId=CAEQPhiBgMDo0s7shhgiIDgzNTRmNWM2ZWEzYTQyYzRhNzUwYTkzZWZkMmU5MWEw
==> Finished Epoch 5.
++> Evaluate ./exp/demo/A pink pig/pigrabbit at epoch 5 ...
++> Evaluate epoch 5 Finished.
==> Start Training ./exp/demo/A pink pig/pigrabbit Epoch 6, lr=0.044563 ...
load checkpoint from http path: https://openmmlab-share.oss-cn-hangzhou.aliyuncs.com/mmhuman3d/models/smoothnet/smoothnet_windowsize8.pth.tar?versionId=CAEQPhiBgMDo0s7shhgiIDgzNTRmNWM2ZWEzYTQyYzRhNzUwYTkzZWZkMmU5MWEw
==> Finished Epoch 6.
++> Evaluate ./exp/demo/A pink pig/pigrabbit at epoch 6 ...
++> Evaluate epoch 6 Finished.
==> Start Training ./exp/demo/A pink pig/pigrabbit Epoch 7, lr=0.043548 ...
load checkpoint from http path: https://openmmlab-share.oss-cn-hangzhou.aliyuncs.com/mmhuman3d/models/smoothnet/smoothnet_windowsize8.pth.tar?versionId=CAEQPhiBgMDo0s7shhgiIDgzNTRmNWM2ZWEzYTQyYzRhNzUwYTkzZWZkMmU5MWEw
==> Finished Epoch 7.
++> Evaluate ./exp/demo/A pink pig/pigrabbit at epoch 7 ...
++> Evaluate epoch 7 Finished.
==> Start Training ./exp/demo/A pink pig/pigrabbit Epoch 8, lr=0.042557 ...
load checkpoint from http path: https://openmmlab-share.oss-cn-hangzhou.aliyuncs.com/mmhuman3d/models/smoothnet/smoothnet_windowsize8.pth.tar?versionId=CAEQPhiBgMDo0s7shhgiIDgzNTRmNWM2ZWEzYTQyYzRhNzUwYTkzZWZkMmU5MWEw
==> Finished Epoch 8.
++> Evaluate ./exp/demo/A pink pig/pigrabbit at epoch 8 ...
++> Evaluate epoch 8 Finished.
==> Start Training ./exp/demo/A pink pig/pigrabbit Epoch 9, lr=0.041588 ...
load checkpoint from http path: https://openmmlab-share.oss-cn-hangzhou.aliyuncs.com/mmhuman3d/models/smoothnet/smoothnet_windowsize8.pth.tar?versionId=CAEQPhiBgMDo0s7shhgiIDgzNTRmNWM2ZWEzYTQyYzRhNzUwYTkzZWZkMmU5MWEw
==> Finished Epoch 9.
++> Evaluate ./exp/demo/A pink pig/pigrabbit at epoch 9 ...
++> Evaluate epoch 9 Finished.
==> Start Training ./exp/demo/A pink pig/pigrabbit Epoch 10, lr=0.040642 ...
load checkpoint from http path: https://openmmlab-share.oss-cn-hangzhou.aliyuncs.com/mmhuman3d/models/smoothnet/smoothnet_windowsize8.pth.tar?versionId=CAEQPhiBgMDo0s7shhgiIDgzNTRmNWM2ZWEzYTQyYzRhNzUwYTkzZWZkMmU5MWEw
==> Finished Epoch 10.
++> Evaluate ./exp/demo/A pink pig/pigrabbit at epoch 10 ...
++> Evaluate epoch 10 Finished.
==> Start Training ./exp/demo/A pink pig/pigrabbit Epoch 11, lr=0.039716 ...
load checkpoint from http path: https://openmmlab-share.oss-cn-hangzhou.aliyuncs.com/mmhuman3d/models/smoothnet/smoothnet_windowsize8.pth.tar?versionId=CAEQPhiBgMDo0s7shhgiIDgzNTRmNWM2ZWEzYTQyYzRhNzUwYTkzZWZkMmU5MWEw
==> Finished Epoch 11.
++> Evaluate ./exp/demo/A pink pig/pigrabbit at epoch 11 ...
++> Evaluate epoch 11 Finished.
==> Start Training ./exp/demo/A pink pig/pigrabbit Epoch 12, lr=0.038812 ...
load checkpoint from http path: https://openmmlab-share.oss-cn-hangzhou.aliyuncs.com/mmhuman3d/models/smoothnet/smoothnet_windowsize8.pth.tar?versionId=CAEQPhiBgMDo0s7shhgiIDgzNTRmNWM2ZWEzYTQyYzRhNzUwYTkzZWZkMmU5MWEw
==> Finished Epoch 12.
++> Evaluate ./exp/demo/A pink pig/pigrabbit at epoch 12 ...
++> Evaluate epoch 12 Finished.
==> Start Training ./exp/demo/A pink pig/pigrabbit Epoch 13, lr=0.037929 ...
load checkpoint from http path: https://openmmlab-share.oss-cn-hangzhou.aliyuncs.com/mmhuman3d/models/smoothnet/smoothnet_windowsize8.pth.tar?versionId=CAEQPhiBgMDo0s7shhgiIDgzNTRmNWM2ZWEzYTQyYzRhNzUwYTkzZWZkMmU5MWEw
==> Finished Epoch 13.
++> Evaluate ./exp/demo/A pink pig/pigrabbit at epoch 13 ...
++> Evaluate epoch 13 Finished.
==> Start Training ./exp/demo/A pink pig/pigrabbit Epoch 14, lr=0.037066 ...
load checkpoint from http path: https://openmmlab-share.oss-cn-hangzhou.aliyuncs.com/mmhuman3d/models/smoothnet/smoothnet_windowsize8.pth.tar?versionId=CAEQPhiBgMDo0s7shhgiIDgzNTRmNWM2ZWEzYTQyYzRhNzUwYTkzZWZkMmU5MWEw
==> Finished Epoch 14.
++> Evaluate ./exp/demo/A pink pig/pigrabbit at epoch 14 ...
++> Evaluate epoch 14 Finished.
==> Start Training ./exp/demo/A pink pig/pigrabbit Epoch 15, lr=0.036222 ...
load checkpoint from http path: https://openmmlab-share.oss-cn-hangzhou.aliyuncs.com/mmhuman3d/models/smoothnet/smoothnet_windowsize8.pth.tar?versionId=CAEQPhiBgMDo0s7shhgiIDgzNTRmNWM2ZWEzYTQyYzRhNzUwYTkzZWZkMmU5MWEw
==> Finished Epoch 15.
++> Evaluate ./exp/demo/A pink pig/pigrabbit at epoch 15 ...
++> Evaluate epoch 15 Finished.
==> Start Training ./exp/demo/A pink pig/pigrabbit Epoch 16, lr=0.035397 ...
load checkpoint from http path: https://openmmlab-share.oss-cn-hangzhou.aliyuncs.com/mmhuman3d/models/smoothnet/smoothnet_windowsize8.pth.tar?versionId=CAEQPhiBgMDo0s7shhgiIDgzNTRmNWM2ZWEzYTQyYzRhNzUwYTkzZWZkMmU5MWEw
==> Finished Epoch 16.
++> Evaluate ./exp/demo/A pink pig/pigrabbit at epoch 16 ...
++> Evaluate epoch 16 Finished.
==> Start Training ./exp/demo/A pink pig/pigrabbit Epoch 17, lr=0.034592 ...
load checkpoint from http path: https://openmmlab-share.oss-cn-hangzhou.aliyuncs.com/mmhuman3d/models/smoothnet/smoothnet_windowsize8.pth.tar?versionId=CAEQPhiBgMDo0s7shhgiIDgzNTRmNWM2ZWEzYTQyYzRhNzUwYTkzZWZkMmU5MWEw
==> Finished Epoch 17.
++> Evaluate ./exp/demo/A pink pig/pigrabbit at epoch 17 ...
++> Evaluate epoch 17 Finished.
==> Start Training ./exp/demo/A pink pig/pigrabbit Epoch 18, lr=0.033804 ...
load checkpoint from http path: https://openmmlab-share.oss-cn-hangzhou.aliyuncs.com/mmhuman3d/models/smoothnet/smoothnet_windowsize8.pth.tar?versionId=CAEQPhiBgMDo0s7shhgiIDgzNTRmNWM2ZWEzYTQyYzRhNzUwYTkzZWZkMmU5MWEw
==> Finished Epoch 18.
++> Evaluate ./exp/demo/A pink pig/pigrabbit at epoch 18 ...
++> Evaluate epoch 18 Finished.
==> Start Training ./exp/demo/A pink pig/pigrabbit Epoch 19, lr=0.033035 ...
load checkpoint from http path: https://openmmlab-share.oss-cn-hangzhou.aliyuncs.com/mmhuman3d/models/smoothnet/smoothnet_windowsize8.pth.tar?versionId=CAEQPhiBgMDo0s7shhgiIDgzNTRmNWM2ZWEzYTQyYzRhNzUwYTkzZWZkMmU5MWEw
==> Finished Epoch 19.
++> Evaluate ./exp/demo/A pink pig/pigrabbit at epoch 19 ...
++> Evaluate epoch 19 Finished.
==> Start Training ./exp/demo/A pink pig/pigrabbit Epoch 20, lr=0.032283 ...
load checkpoint from http path: https://openmmlab-share.oss-cn-hangzhou.aliyuncs.com/mmhuman3d/models/smoothnet/smoothnet_windowsize8.pth.tar?versionId=CAEQPhiBgMDo0s7shhgiIDgzNTRmNWM2ZWEzYTQyYzRhNzUwYTkzZWZkMmU5MWEw
==> Finished Epoch 20.
++> Evaluate ./exp/demo/A pink pig/pigrabbit at epoch 20 ...
++> Evaluate epoch 20 Finished.
==> Start Training ./exp/demo/A pink pig/pigrabbit Epoch 21, lr=0.031548 ...
load checkpoint from http path: https://openmmlab-share.oss-cn-hangzhou.aliyuncs.com/mmhuman3d/models/smoothnet/smoothnet_windowsize8.pth.tar?versionId=CAEQPhiBgMDo0s7shhgiIDgzNTRmNWM2ZWEzYTQyYzRhNzUwYTkzZWZkMmU5MWEw
==> Finished Epoch 21.
++> Evaluate ./exp/demo/A pink pig/pigrabbit at epoch 21 ...
++> Evaluate epoch 21 Finished.
==> Start Training ./exp/demo/A pink pig/pigrabbit Epoch 22, lr=0.030830 ...
load checkpoint from http path: https://openmmlab-share.oss-cn-hangzhou.aliyuncs.com/mmhuman3d/models/smoothnet/smoothnet_windowsize8.pth.tar?versionId=CAEQPhiBgMDo0s7shhgiIDgzNTRmNWM2ZWEzYTQyYzRhNzUwYTkzZWZkMmU5MWEw
==> Finished Epoch 22.
++> Evaluate ./exp/demo/A pink pig/pigrabbit at epoch 22 ...
++> Evaluate epoch 22 Finished.
==> Start Training ./exp/demo/A pink pig/pigrabbit Epoch 23, lr=0.030128 ...
load checkpoint from http path: https://openmmlab-share.oss-cn-hangzhou.aliyuncs.com/mmhuman3d/models/smoothnet/smoothnet_windowsize8.pth.tar?versionId=CAEQPhiBgMDo0s7shhgiIDgzNTRmNWM2ZWEzYTQyYzRhNzUwYTkzZWZkMmU5MWEw
==> Finished Epoch 23.
++> Evaluate ./exp/demo/A pink pig/pigrabbit at epoch 23 ...
++> Evaluate epoch 23 Finished.
==> Start Training ./exp/demo/A pink pig/pigrabbit Epoch 24, lr=0.029442 ...
load checkpoint from http path: https://openmmlab-share.oss-cn-hangzhou.aliyuncs.com/mmhuman3d/models/smoothnet/smoothnet_windowsize8.pth.tar?versionId=CAEQPhiBgMDo0s7shhgiIDgzNTRmNWM2ZWEzYTQyYzRhNzUwYTkzZWZkMmU5MWEw
==> Finished Epoch 24.
++> Evaluate ./exp/demo/A pink pig/pigrabbit at epoch 24 ...
++> Evaluate epoch 24 Finished.
==> Start Training ./exp/demo/A pink pig/pigrabbit Epoch 25, lr=0.028772 ...
load checkpoint from http path: https://openmmlab-share.oss-cn-hangzhou.aliyuncs.com/mmhuman3d/models/smoothnet/smoothnet_windowsize8.pth.tar?versionId=CAEQPhiBgMDo0s7shhgiIDgzNTRmNWM2ZWEzYTQyYzRhNzUwYTkzZWZkMmU5MWEw
==> Finished Epoch 25.
++> Evaluate ./exp/demo/A pink pig/pigrabbit at epoch 25 ...
++> Evaluate epoch 25 Finished.
==> Start Training ./exp/demo/A pink pig/pigrabbit Epoch 26, lr=0.028117 ...
load checkpoint from http path: https://openmmlab-share.oss-cn-hangzhou.aliyuncs.com/mmhuman3d/models/smoothnet/smoothnet_windowsize8.pth.tar?versionId=CAEQPhiBgMDo0s7shhgiIDgzNTRmNWM2ZWEzYTQyYzRhNzUwYTkzZWZkMmU5MWEw
==> Finished Epoch 26.
++> Evaluate ./exp/demo/A pink pig/pigrabbit at epoch 26 ...
++> Evaluate epoch 26 Finished.
==> Start Training ./exp/demo/A pink pig/pigrabbit Epoch 27, lr=0.027477 ...
load checkpoint from http path: https://openmmlab-share.oss-cn-hangzhou.aliyuncs.com/mmhuman3d/models/smoothnet/smoothnet_windowsize8.pth.tar?versionId=CAEQPhiBgMDo0s7shhgiIDgzNTRmNWM2ZWEzYTQyYzRhNzUwYTkzZWZkMmU5MWEw
==> Finished Epoch 27.
++> Evaluate ./exp/demo/A pink pig/pigrabbit at epoch 27 ...
++> Evaluate epoch 27 Finished.
==> Start Training ./exp/demo/A pink pig/pigrabbit Epoch 28, lr=0.026852 ...
load checkpoint from http path: https://openmmlab-share.oss-cn-hangzhou.aliyuncs.com/mmhuman3d/models/smoothnet/smoothnet_windowsize8.pth.tar?versionId=CAEQPhiBgMDo0s7shhgiIDgzNTRmNWM2ZWEzYTQyYzRhNzUwYTkzZWZkMmU5MWEw
==> Finished Epoch 28.
++> Evaluate ./exp/demo/A pink pig/pigrabbit at epoch 28 ...
++> Evaluate epoch 28 Finished.
==> Start Training ./exp/demo/A pink pig/pigrabbit Epoch 29, lr=0.026240 ...
load checkpoint from http path: https://openmmlab-share.oss-cn-hangzhou.aliyuncs.com/mmhuman3d/models/smoothnet/smoothnet_windowsize8.pth.tar?versionId=CAEQPhiBgMDo0s7shhgiIDgzNTRmNWM2ZWEzYTQyYzRhNzUwYTkzZWZkMmU5MWEw
==> Finished Epoch 29.
++> Evaluate ./exp/demo/A pink pig/pigrabbit at epoch 29 ...
++> Evaluate epoch 29 Finished.
==> Start Training ./exp/demo/A pink pig/pigrabbit Epoch 30, lr=0.025643 ...
load checkpoint from http path: https://openmmlab-share.oss-cn-hangzhou.aliyuncs.com/mmhuman3d/models/smoothnet/smoothnet_windowsize8.pth.tar?versionId=CAEQPhiBgMDo0s7shhgiIDgzNTRmNWM2ZWEzYTQyYzRhNzUwYTkzZWZkMmU5MWEw
==> Finished Epoch 30.
++> Evaluate ./exp/demo/A pink pig/pigrabbit at epoch 30 ...
++> Evaluate epoch 30 Finished.
==> Start Training ./exp/demo/A pink pig/pigrabbit Epoch 31, lr=0.025059 ...
load checkpoint from http path: https://openmmlab-share.oss-cn-hangzhou.aliyuncs.com/mmhuman3d/models/smoothnet/smoothnet_windowsize8.pth.tar?versionId=CAEQPhiBgMDo0s7shhgiIDgzNTRmNWM2ZWEzYTQyYzRhNzUwYTkzZWZkMmU5MWEw
==> Finished Epoch 31.
++> Evaluate ./exp/demo/A pink pig/pigrabbit at epoch 31 ...
++> Evaluate epoch 31 Finished.
==> Start Training ./exp/demo/A pink pig/pigrabbit Epoch 32, lr=0.024489 ...
load checkpoint from http path: https://openmmlab-share.oss-cn-hangzhou.aliyuncs.com/mmhuman3d/models/smoothnet/smoothnet_windowsize8.pth.tar?versionId=CAEQPhiBgMDo0s7shhgiIDgzNTRmNWM2ZWEzYTQyYzRhNzUwYTkzZWZkMmU5MWEw
==> Finished Epoch 32.
++> Evaluate ./exp/demo/A pink pig/pigrabbit at epoch 32 ...
++> Evaluate epoch 32 Finished.
==> Start Training ./exp/demo/A pink pig/pigrabbit Epoch 33, lr=0.023932 ...
load checkpoint from http path: https://openmmlab-share.oss-cn-hangzhou.aliyuncs.com/mmhuman3d/models/smoothnet/smoothnet_windowsize8.pth.tar?versionId=CAEQPhiBgMDo0s7shhgiIDgzNTRmNWM2ZWEzYTQyYzRhNzUwYTkzZWZkMmU5MWEw
==> Finished Epoch 33.
++> Evaluate ./exp/demo/A pink pig/pigrabbit at epoch 33 ...
++> Evaluate epoch 33 Finished.
==> Start Training ./exp/demo/A pink pig/pigrabbit Epoch 34, lr=0.023387 ...
load checkpoint from http path: https://openmmlab-share.oss-cn-hangzhou.aliyuncs.com/mmhuman3d/models/smoothnet/smoothnet_windowsize8.pth.tar?versionId=CAEQPhiBgMDo0s7shhgiIDgzNTRmNWM2ZWEzYTQyYzRhNzUwYTkzZWZkMmU5MWEw
==> Finished Epoch 34.
++> Evaluate ./exp/demo/A pink pig/pigrabbit at epoch 34 ...
++> Evaluate epoch 34 Finished.
==> Start Training ./exp/demo/A pink pig/pigrabbit Epoch 35, lr=0.022854 ...
load checkpoint from http path: https://openmmlab-share.oss-cn-hangzhou.aliyuncs.com/mmhuman3d/models/smoothnet/smoothnet_windowsize8.pth.tar?versionId=CAEQPhiBgMDo0s7shhgiIDgzNTRmNWM2ZWEzYTQyYzRhNzUwYTkzZWZkMmU5MWEw
==> Finished Epoch 35.
++> Evaluate ./exp/demo/A pink pig/pigrabbit at epoch 35 ...
++> Evaluate epoch 35 Finished.
==> Start Training ./exp/demo/A pink pig/pigrabbit Epoch 36, lr=0.022334 ...
load checkpoint from http path: https://openmmlab-share.oss-cn-hangzhou.aliyuncs.com/mmhuman3d/models/smoothnet/smoothnet_windowsize8.pth.tar?versionId=CAEQPhiBgMDo0s7shhgiIDgzNTRmNWM2ZWEzYTQyYzRhNzUwYTkzZWZkMmU5MWEw
==> Finished Epoch 36.
++> Evaluate ./exp/demo/A pink pig/pigrabbit at epoch 36 ...
++> Evaluate epoch 36 Finished.
==> Start Training ./exp/demo/A pink pig/pigrabbit Epoch 37, lr=0.021826 ...
load checkpoint from http path: https://openmmlab-share.oss-cn-hangzhou.aliyuncs.com/mmhuman3d/models/smoothnet/smoothnet_windowsize8.pth.tar?versionId=CAEQPhiBgMDo0s7shhgiIDgzNTRmNWM2ZWEzYTQyYzRhNzUwYTkzZWZkMmU5MWEw
==> Finished Epoch 37.
++> Evaluate ./exp/demo/A pink pig/pigrabbit at epoch 37 ...
++> Evaluate epoch 37 Finished.
==> Start Training ./exp/demo/A pink pig/pigrabbit Epoch 38, lr=0.021329 ...
load checkpoint from http path: https://openmmlab-share.oss-cn-hangzhou.aliyuncs.com/mmhuman3d/models/smoothnet/smoothnet_windowsize8.pth.tar?versionId=CAEQPhiBgMDo0s7shhgiIDgzNTRmNWM2ZWEzYTQyYzRhNzUwYTkzZWZkMmU5MWEw
==> Finished Epoch 38.
++> Evaluate ./exp/demo/A pink pig/pigrabbit at epoch 38 ...
++> Evaluate epoch 38 Finished.
==> Start Training ./exp/demo/A pink pig/pigrabbit Epoch 39, lr=0.020843 ...
load checkpoint from http path: https://openmmlab-share.oss-cn-hangzhou.aliyuncs.com/mmhuman3d/models/smoothnet/smoothnet_windowsize8.pth.tar?versionId=CAEQPhiBgMDo0s7shhgiIDgzNTRmNWM2ZWEzYTQyYzRhNzUwYTkzZWZkMmU5MWEw
==> Finished Epoch 39.
++> Evaluate ./exp/demo/A pink pig/pigrabbit at epoch 39 ...
++> Evaluate epoch 39 Finished.
==> Start Training ./exp/demo/A pink pig/pigrabbit Epoch 40, lr=0.020369 ...
load checkpoint from http path: https://openmmlab-share.oss-cn-hangzhou.aliyuncs.com/mmhuman3d/models/smoothnet/smoothnet_windowsize8.pth.tar?versionId=CAEQPhiBgMDo0s7shhgiIDgzNTRmNWM2ZWEzYTQyYzRhNzUwYTkzZWZkMmU5MWEw
==> Finished Epoch 40.
++> Evaluate ./exp/demo/A pink pig/pigrabbit at epoch 40 ...
++> Evaluate epoch 40 Finished.
==> Start Training ./exp/demo/A pink pig/pigrabbit Epoch 41, lr=0.019905 ...
load checkpoint from http path: https://openmmlab-share.oss-cn-hangzhou.aliyuncs.com/mmhuman3d/models/smoothnet/smoothnet_windowsize8.pth.tar?versionId=CAEQPhiBgMDo0s7shhgiIDgzNTRmNWM2ZWEzYTQyYzRhNzUwYTkzZWZkMmU5MWEw
==> Finished Epoch 41.
++> Evaluate ./exp/demo/A pink pig/pigrabbit at epoch 41 ...
++> Evaluate epoch 41 Finished.
==> Start Training ./exp/demo/A pink pig/pigrabbit Epoch 42, lr=0.019452 ...
load checkpoint from http path: https://openmmlab-share.oss-cn-hangzhou.aliyuncs.com/mmhuman3d/models/smoothnet/smoothnet_windowsize8.pth.tar?versionId=CAEQPhiBgMDo0s7shhgiIDgzNTRmNWM2ZWEzYTQyYzRhNzUwYTkzZWZkMmU5MWEw
==> Finished Epoch 42.
++> Evaluate ./exp/demo/A pink pig/pigrabbit at epoch 42 ...
++> Evaluate epoch 42 Finished.
==> Start Training ./exp/demo/A pink pig/pigrabbit Epoch 43, lr=0.019009 ...
load checkpoint from http path: https://openmmlab-share.oss-cn-hangzhou.aliyuncs.com/mmhuman3d/models/smoothnet/smoothnet_windowsize8.pth.tar?versionId=CAEQPhiBgMDo0s7shhgiIDgzNTRmNWM2ZWEzYTQyYzRhNzUwYTkzZWZkMmU5MWEw
==> Finished Epoch 43.
++> Evaluate ./exp/demo/A pink pig/pigrabbit at epoch 43 ...
++> Evaluate epoch 43 Finished.
==> Start Training ./exp/demo/A pink pig/pigrabbit Epoch 44, lr=0.018577 ...
load checkpoint from http path: https://openmmlab-share.oss-cn-hangzhou.aliyuncs.com/mmhuman3d/models/smoothnet/smoothnet_windowsize8.pth.tar?versionId=CAEQPhiBgMDo0s7shhgiIDgzNTRmNWM2ZWEzYTQyYzRhNzUwYTkzZWZkMmU5MWEw
==> Finished Epoch 44.
++> Evaluate ./exp/demo/A pink pig/pigrabbit at epoch 44 ...
++> Evaluate epoch 44 Finished.
==> Start Training ./exp/demo/A pink pig/pigrabbit Epoch 45, lr=0.018154 ...
load checkpoint from http path: https://openmmlab-share.oss-cn-hangzhou.aliyuncs.com/mmhuman3d/models/smoothnet/smoothnet_windowsize8.pth.tar?versionId=CAEQPhiBgMDo0s7shhgiIDgzNTRmNWM2ZWEzYTQyYzRhNzUwYTkzZWZkMmU5MWEw
==> Finished Epoch 45.
++> Evaluate ./exp/demo/A pink pig/pigrabbit at epoch 45 ...
++> Evaluate epoch 45 Finished.
==> Start Training ./exp/demo/A pink pig/pigrabbit Epoch 46, lr=0.017741 ...
load checkpoint from http path: https://openmmlab-share.oss-cn-hangzhou.aliyuncs.com/mmhuman3d/models/smoothnet/smoothnet_windowsize8.pth.tar?versionId=CAEQPhiBgMDo0s7shhgiIDgzNTRmNWM2ZWEzYTQyYzRhNzUwYTkzZWZkMmU5MWEw
==> Finished Epoch 46.
++> Evaluate ./exp/demo/A pink pig/pigrabbit at epoch 46 ...
++> Evaluate epoch 46 Finished.
==> Start Training ./exp/demo/A pink pig/pigrabbit Epoch 47, lr=0.017337 ...
load checkpoint from http path: https://openmmlab-share.oss-cn-hangzhou.aliyuncs.com/mmhuman3d/models/smoothnet/smoothnet_windowsize8.pth.tar?versionId=CAEQPhiBgMDo0s7shhgiIDgzNTRmNWM2ZWEzYTQyYzRhNzUwYTkzZWZkMmU5MWEw
==> Finished Epoch 47.
++> Evaluate ./exp/demo/A pink pig/pigrabbit at epoch 47 ...
++> Evaluate epoch 47 Finished.
==> Start Training ./exp/demo/A pink pig/pigrabbit Epoch 48, lr=0.016942 ...
load checkpoint from http path: https://openmmlab-share.oss-cn-hangzhou.aliyuncs.com/mmhuman3d/models/smoothnet/smoothnet_windowsize8.pth.tar?versionId=CAEQPhiBgMDo0s7shhgiIDgzNTRmNWM2ZWEzYTQyYzRhNzUwYTkzZWZkMmU5MWEw
==> Finished Epoch 48.
++> Evaluate ./exp/demo/A pink pig/pigrabbit at epoch 48 ...
++> Evaluate epoch 48 Finished.
==> Start Training ./exp/demo/A pink pig/pigrabbit Epoch 49, lr=0.016557 ...
load checkpoint from http path: https://openmmlab-share.oss-cn-hangzhou.aliyuncs.com/mmhuman3d/models/smoothnet/smoothnet_windowsize8.pth.tar?versionId=CAEQPhiBgMDo0s7shhgiIDgzNTRmNWM2ZWEzYTQyYzRhNzUwYTkzZWZkMmU5MWEw
==> Finished Epoch 49.
++> Evaluate ./exp/demo/A pink pig/pigrabbit at epoch 49 ...
++> Evaluate epoch 49 Finished.
==> Start Training ./exp/demo/A pink pig/pigrabbit Epoch 50, lr=0.016180 ...
load checkpoint from http path: https://openmmlab-share.oss-cn-hangzhou.aliyuncs.com/mmhuman3d/models/smoothnet/smoothnet_windowsize8.pth.tar?versionId=CAEQPhiBgMDo0s7shhgiIDgzNTRmNWM2ZWEzYTQyYzRhNzUwYTkzZWZkMmU5MWEw
==> Finished Epoch 50.
++> Evaluate ./exp/demo/A pink pig/pigrabbit at epoch 50 ...
++> Evaluate epoch 50 Finished.
==> Start Training ./exp/demo/A pink pig/pigrabbit Epoch 51, lr=0.015811 ...
load checkpoint from http path: https://openmmlab-share.oss-cn-hangzhou.aliyuncs.com/mmhuman3d/models/smoothnet/smoothnet_windowsize8.pth.tar?versionId=CAEQPhiBgMDo0s7shhgiIDgzNTRmNWM2ZWEzYTQyYzRhNzUwYTkzZWZkMmU5MWEw
==> Finished Epoch 51.
++> Evaluate ./exp/demo/A pink pig/pigrabbit at epoch 51 ...
++> Evaluate epoch 51 Finished.
==> Start Training ./exp/demo/A pink pig/pigrabbit Epoch 52, lr=0.015451 ...
load checkpoint from http path: https://openmmlab-share.oss-cn-hangzhou.aliyuncs.com/mmhuman3d/models/smoothnet/smoothnet_windowsize8.pth.tar?versionId=CAEQPhiBgMDo0s7shhgiIDgzNTRmNWM2ZWEzYTQyYzRhNzUwYTkzZWZkMmU5MWEw
==> Finished Epoch 52.
++> Evaluate ./exp/demo/A pink pig/pigrabbit at epoch 52 ...
++> Evaluate epoch 52 Finished.
==> Start Training ./exp/demo/A pink pig/pigrabbit Epoch 53, lr=0.015100 ...
load checkpoint from http path: https://openmmlab-share.oss-cn-hangzhou.aliyuncs.com/mmhuman3d/models/smoothnet/smoothnet_windowsize8.pth.tar?versionId=CAEQPhiBgMDo0s7shhgiIDgzNTRmNWM2ZWEzYTQyYzRhNzUwYTkzZWZkMmU5MWEw
==> Finished Epoch 53.
++> Evaluate ./exp/demo/A pink pig/pigrabbit at epoch 53 ...
++> Evaluate epoch 53 Finished.
==> Start Training ./exp/demo/A pink pig/pigrabbit Epoch 54, lr=0.014756 ...
load checkpoint from http path: https://openmmlab-share.oss-cn-hangzhou.aliyuncs.com/mmhuman3d/models/smoothnet/smoothnet_windowsize8.pth.tar?versionId=CAEQPhiBgMDo0s7shhgiIDgzNTRmNWM2ZWEzYTQyYzRhNzUwYTkzZWZkMmU5MWEw
==> Finished Epoch 54.
++> Evaluate ./exp/demo/A pink pig/pigrabbit at epoch 54 ...
++> Evaluate epoch 54 Finished.
==> Start Training ./exp/demo/A pink pig/pigrabbit Epoch 55, lr=0.014420 ...
load checkpoint from http path: https://openmmlab-share.oss-cn-hangzhou.aliyuncs.com/mmhuman3d/models/smoothnet/smoothnet_windowsize8.pth.tar?versionId=CAEQPhiBgMDo0s7shhgiIDgzNTRmNWM2ZWEzYTQyYzRhNzUwYTkzZWZkMmU5MWEw
==> Finished Epoch 55.
++> Evaluate ./exp/demo/A pink pig/pigrabbit at epoch 55 ...
++> Evaluate epoch 55 Finished.
==> Start Training ./exp/demo/A pink pig/pigrabbit Epoch 56, lr=0.014092 ...
load checkpoint from http path: https://openmmlab-share.oss-cn-hangzhou.aliyuncs.com/mmhuman3d/models/smoothnet/smoothnet_windowsize8.pth.tar?versionId=CAEQPhiBgMDo0s7shhgiIDgzNTRmNWM2ZWEzYTQyYzRhNzUwYTkzZWZkMmU5MWEw
==> Finished Epoch 56.
++> Evaluate ./exp/demo/A pink pig/pigrabbit at epoch 56 ...
++> Evaluate epoch 56 Finished.
==> Start Training ./exp/demo/A pink pig/pigrabbit Epoch 57, lr=0.013771 ...
load checkpoint from http path: https://openmmlab-share.oss-cn-hangzhou.aliyuncs.com/mmhuman3d/models/smoothnet/smoothnet_windowsize8.pth.tar?versionId=CAEQPhiBgMDo0s7shhgiIDgzNTRmNWM2ZWEzYTQyYzRhNzUwYTkzZWZkMmU5MWEw
==> Finished Epoch 57.
++> Evaluate ./exp/demo/A pink pig/pigrabbit at epoch 57 ...
++> Evaluate epoch 57 Finished.
==> Start Training ./exp/demo/A pink pig/pigrabbit Epoch 58, lr=0.013458 ...
load checkpoint from http path: https://openmmlab-share.oss-cn-hangzhou.aliyuncs.com/mmhuman3d/models/smoothnet/smoothnet_windowsize8.pth.tar?versionId=CAEQPhiBgMDo0s7shhgiIDgzNTRmNWM2ZWEzYTQyYzRhNzUwYTkzZWZkMmU5MWEw
==> Finished Epoch 58.
++> Evaluate ./exp/demo/A pink pig/pigrabbit at epoch 58 ...
++> Evaluate epoch 58 Finished.
==> Start Training ./exp/demo/A pink pig/pigrabbit Epoch 59, lr=0.013151 ...
load checkpoint from http path: https://openmmlab-share.oss-cn-hangzhou.aliyuncs.com/mmhuman3d/models/smoothnet/smoothnet_windowsize8.pth.tar?versionId=CAEQPhiBgMDo0s7shhgiIDgzNTRmNWM2ZWEzYTQyYzRhNzUwYTkzZWZkMmU5MWEw
==> Finished Epoch 59.
++> Evaluate ./exp/demo/A pink pig/pigrabbit at epoch 59 ...
++> Evaluate epoch 59 Finished.
==> Start Training ./exp/demo/A pink pig/pigrabbit Epoch 60, lr=0.012852 ...
load checkpoint from http path: https://openmmlab-share.oss-cn-hangzhou.aliyuncs.com/mmhuman3d/models/smoothnet/smoothnet_windowsize8.pth.tar?versionId=CAEQPhiBgMDo0s7shhgiIDgzNTRmNWM2ZWEzYTQyYzRhNzUwYTkzZWZkMmU5MWEw
==> Finished Epoch 60.
++> Evaluate ./exp/demo/A pink pig/pigrabbit at epoch 60 ...
++> Evaluate epoch 60 Finished.
==> Start Training ./exp/demo/A pink pig/pigrabbit Epoch 61, lr=0.012559 ...
load checkpoint from http path: https://openmmlab-share.oss-cn-hangzhou.aliyuncs.com/mmhuman3d/models/smoothnet/smoothnet_windowsize8.pth.tar?versionId=CAEQPhiBgMDo0s7shhgiIDgzNTRmNWM2ZWEzYTQyYzRhNzUwYTkzZWZkMmU5MWEw
==> Finished Epoch 61.
++> Evaluate ./exp/demo/A pink pig/pigrabbit at epoch 61 ...
++> Evaluate epoch 61 Finished.
==> Start Training ./exp/demo/A pink pig/pigrabbit Epoch 62, lr=0.012274 ...
load checkpoint from http path: https://openmmlab-share.oss-cn-hangzhou.aliyuncs.com/mmhuman3d/models/smoothnet/smoothnet_windowsize8.pth.tar?versionId=CAEQPhiBgMDo0s7shhgiIDgzNTRmNWM2ZWEzYTQyYzRhNzUwYTkzZWZkMmU5MWEw
==> Finished Epoch 62.
++> Evaluate ./exp/demo/A pink pig/pigrabbit at epoch 62 ...
++> Evaluate epoch 62 Finished.
==> Start Training ./exp/demo/A pink pig/pigrabbit Epoch 63, lr=0.011994 ...
load checkpoint from http path: https://openmmlab-share.oss-cn-hangzhou.aliyuncs.com/mmhuman3d/models/smoothnet/smoothnet_windowsize8.pth.tar?versionId=CAEQPhiBgMDo0s7shhgiIDgzNTRmNWM2ZWEzYTQyYzRhNzUwYTkzZWZkMmU5MWEw
==> Finished Epoch 63.
++> Evaluate ./exp/demo/A pink pig/pigrabbit at epoch 63 ...
++> Evaluate epoch 63 Finished.
==> Start Training ./exp/demo/A pink pig/pigrabbit Epoch 64, lr=0.011721 ...
load checkpoint from http path: https://openmmlab-share.oss-cn-hangzhou.aliyuncs.com/mmhuman3d/models/smoothnet/smoothnet_windowsize8.pth.tar?versionId=CAEQPhiBgMDo0s7shhgiIDgzNTRmNWM2ZWEzYTQyYzRhNzUwYTkzZWZkMmU5MWEw
==> Finished Epoch 64.
++> Evaluate ./exp/demo/A pink pig/pigrabbit at epoch 64 ...
++> Evaluate epoch 64 Finished.
==> Start Training ./exp/demo/A pink pig/pigrabbit Epoch 65, lr=0.011454 ...
load checkpoint from http path: https://openmmlab-share.oss-cn-hangzhou.aliyuncs.com/mmhuman3d/models/smoothnet/smoothnet_windowsize8.pth.tar?versionId=CAEQPhiBgMDo0s7shhgiIDgzNTRmNWM2ZWEzYTQyYzRhNzUwYTkzZWZkMmU5MWEw
==> Finished Epoch 65.
++> Evaluate ./exp/demo/A pink pig/pigrabbit at epoch 65 ...
++> Evaluate epoch 65 Finished.
==> Start Training ./exp/demo/A pink pig/pigrabbit Epoch 66, lr=0.011194 ...
load checkpoint from http path: https://openmmlab-share.oss-cn-hangzhou.aliyuncs.com/mmhuman3d/models/smoothnet/smoothnet_windowsize8.pth.tar?versionId=CAEQPhiBgMDo0s7shhgiIDgzNTRmNWM2ZWEzYTQyYzRhNzUwYTkzZWZkMmU5MWEw
==> Finished Epoch 66.
++> Evaluate ./exp/demo/A pink pig/pigrabbit at epoch 66 ...
++> Evaluate epoch 66 Finished.
==> Start Training ./exp/demo/A pink pig/pigrabbit Epoch 67, lr=0.010939 ...
load checkpoint from http path: https://openmmlab-share.oss-cn-hangzhou.aliyuncs.com/mmhuman3d/models/smoothnet/smoothnet_windowsize8.pth.tar?versionId=CAEQPhiBgMDo0s7shhgiIDgzNTRmNWM2ZWEzYTQyYzRhNzUwYTkzZWZkMmU5MWEw
==> Finished Epoch 67.
++> Evaluate ./exp/demo/A pink pig/pigrabbit at epoch 67 ...
++> Evaluate epoch 67 Finished.
==> Start Training ./exp/demo/A pink pig/pigrabbit Epoch 68, lr=0.010690 ...
load checkpoint from http path: https://openmmlab-share.oss-cn-hangzhou.aliyuncs.com/mmhuman3d/models/smoothnet/smoothnet_windowsize8.pth.tar?versionId=CAEQPhiBgMDo0s7shhgiIDgzNTRmNWM2ZWEzYTQyYzRhNzUwYTkzZWZkMmU5MWEw
==> Finished Epoch 68.
++> Evaluate ./exp/demo/A pink pig/pigrabbit at epoch 68 ...
++> Evaluate epoch 68 Finished.
==> Start Training ./exp/demo/A pink pig/pigrabbit Epoch 69, lr=0.010446 ...
load checkpoint from http path: https://openmmlab-share.oss-cn-hangzhou.aliyuncs.com/mmhuman3d/models/smoothnet/smoothnet_windowsize8.pth.tar?versionId=CAEQPhiBgMDo0s7shhgiIDgzNTRmNWM2ZWEzYTQyYzRhNzUwYTkzZWZkMmU5MWEw
==> Finished Epoch 69.
++> Evaluate ./exp/demo/A pink pig/pigrabbit at epoch 69 ...
++> Evaluate epoch 69 Finished.
==> Start Training ./exp/demo/A pink pig/pigrabbit Epoch 70, lr=0.010209 ...
load checkpoint from http path: https://openmmlab-share.oss-cn-hangzhou.aliyuncs.com/mmhuman3d/models/smoothnet/smoothnet_windowsize8.pth.tar?versionId=CAEQPhiBgMDo0s7shhgiIDgzNTRmNWM2ZWEzYTQyYzRhNzUwYTkzZWZkMmU5MWEw
==> Finished Epoch 70.
++> Evaluate ./exp/demo/A pink pig/pigrabbit at epoch 70 ...
++> Evaluate epoch 70 Finished.
==> Start Training ./exp/demo/A pink pig/pigrabbit Epoch 71, lr=0.009976 ...
load checkpoint from http path: https://openmmlab-share.oss-cn-hangzhou.aliyuncs.com/mmhuman3d/models/smoothnet/smoothnet_windowsize8.pth.tar?versionId=CAEQPhiBgMDo0s7shhgiIDgzNTRmNWM2ZWEzYTQyYzRhNzUwYTkzZWZkMmU5MWEw
==> Finished Epoch 71.
++> Evaluate ./exp/demo/A pink pig/pigrabbit at epoch 71 ...
++> Evaluate epoch 71 Finished.
==> Start Training ./exp/demo/A pink pig/pigrabbit Epoch 72, lr=0.009749 ...
load checkpoint from http path: https://openmmlab-share.oss-cn-hangzhou.aliyuncs.com/mmhuman3d/models/smoothnet/smoothnet_windowsize8.pth.tar?versionId=CAEQPhiBgMDo0s7shhgiIDgzNTRmNWM2ZWEzYTQyYzRhNzUwYTkzZWZkMmU5MWEw
==> Finished Epoch 72.
++> Evaluate ./exp/demo/A pink pig/pigrabbit at epoch 72 ...
++> Evaluate epoch 72 Finished.
==> Start Training ./exp/demo/A pink pig/pigrabbit Epoch 73, lr=0.009527 ...
load checkpoint from http path: https://openmmlab-share.oss-cn-hangzhou.aliyuncs.com/mmhuman3d/models/smoothnet/smoothnet_windowsize8.pth.tar?versionId=CAEQPhiBgMDo0s7shhgiIDgzNTRmNWM2ZWEzYTQyYzRhNzUwYTkzZWZkMmU5MWEw
==> Finished Epoch 73.
++> Evaluate ./exp/demo/A pink pig/pigrabbit at epoch 73 ...
++> Evaluate epoch 73 Finished.
==> Start Training ./exp/demo/A pink pig/pigrabbit Epoch 74, lr=0.009310 ...
load checkpoint from http path: https://openmmlab-share.oss-cn-hangzhou.aliyuncs.com/mmhuman3d/models/smoothnet/smoothnet_windowsize8.pth.tar?versionId=CAEQPhiBgMDo0s7shhgiIDgzNTRmNWM2ZWEzYTQyYzRhNzUwYTkzZWZkMmU5MWEw
==> Finished Epoch 74.
++> Evaluate ./exp/demo/A pink pig/pigrabbit at epoch 74 ...
++> Evaluate epoch 74 Finished.
==> Start Training ./exp/demo/A pink pig/pigrabbit Epoch 75, lr=0.009099 ...
load checkpoint from http path: https://openmmlab-share.oss-cn-hangzhou.aliyuncs.com/mmhuman3d/models/smoothnet/smoothnet_windowsize8.pth.tar?versionId=CAEQPhiBgMDo0s7shhgiIDgzNTRmNWM2ZWEzYTQyYzRhNzUwYTkzZWZkMmU5MWEw
==> Finished Epoch 75.
++> Evaluate ./exp/demo/A pink pig/pigrabbit at epoch 75 ...
++> Evaluate epoch 75 Finished.
==> Start Training ./exp/demo/A pink pig/pigrabbit Epoch 76, lr=0.008891 ...
load checkpoint from http path: https://openmmlab-share.oss-cn-hangzhou.aliyuncs.com/mmhuman3d/models/smoothnet/smoothnet_windowsize8.pth.tar?versionId=CAEQPhiBgMDo0s7shhgiIDgzNTRmNWM2ZWEzYTQyYzRhNzUwYTkzZWZkMmU5MWEw
==> Finished Epoch 76.
++> Evaluate ./exp/demo/A pink pig/pigrabbit at epoch 76 ...
++> Evaluate epoch 76 Finished.
==> Start Training ./exp/demo/A pink pig/pigrabbit Epoch 77, lr=0.008689 ...
load checkpoint from http path: https://openmmlab-share.oss-cn-hangzhou.aliyuncs.com/mmhuman3d/models/smoothnet/smoothnet_windowsize8.pth.tar?versionId=CAEQPhiBgMDo0s7shhgiIDgzNTRmNWM2ZWEzYTQyYzRhNzUwYTkzZWZkMmU5MWEw
==> Finished Epoch 77.
++> Evaluate ./exp/demo/A pink pig/pigrabbit at epoch 77 ...
++> Evaluate epoch 77 Finished.
==> Start Training ./exp/demo/A pink pig/pigrabbit Epoch 78, lr=0.008491 ...
load checkpoint from http path: https://openmmlab-share.oss-cn-hangzhou.aliyuncs.com/mmhuman3d/models/smoothnet/smoothnet_windowsize8.pth.tar?versionId=CAEQPhiBgMDo0s7shhgiIDgzNTRmNWM2ZWEzYTQyYzRhNzUwYTkzZWZkMmU5MWEw
==> Finished Epoch 78.
++> Evaluate ./exp/demo/A pink pig/pigrabbit at epoch 78 ...
++> Evaluate epoch 78 Finished.
==> Start Training ./exp/demo/A pink pig/pigrabbit Epoch 79, lr=0.008298 ...
load checkpoint from http path: https://openmmlab-share.oss-cn-hangzhou.aliyuncs.com/mmhuman3d/models/smoothnet/smoothnet_windowsize8.pth.tar?versionId=CAEQPhiBgMDo0s7shhgiIDgzNTRmNWM2ZWEzYTQyYzRhNzUwYTkzZWZkMmU5MWEw
==> Finished Epoch 79.
++> Evaluate ./exp/demo/A pink pig/pigrabbit at epoch 79 ...
++> Evaluate epoch 79 Finished.
==> Start Training ./exp/demo/A pink pig/pigrabbit Epoch 80, lr=0.008109 ...
load checkpoint from http path: https://openmmlab-share.oss-cn-hangzhou.aliyuncs.com/mmhuman3d/models/smoothnet/smoothnet_windowsize8.pth.tar?versionId=CAEQPhiBgMDo0s7shhgiIDgzNTRmNWM2ZWEzYTQyYzRhNzUwYTkzZWZkMmU5MWEw
==> Finished Epoch 80.
++> Evaluate ./exp/demo/A pink pig/pigrabbit at epoch 80 ...
++> Evaluate epoch 80 Finished.
==> Start Training ./exp/demo/A pink pig/pigrabbit Epoch 81, lr=0.007924 ...
load checkpoint from http path: https://openmmlab-share.oss-cn-hangzhou.aliyuncs.com/mmhuman3d/models/smoothnet/smoothnet_windowsize8.pth.tar?versionId=CAEQPhiBgMDo0s7shhgiIDgzNTRmNWM2ZWEzYTQyYzRhNzUwYTkzZWZkMmU5MWEw
==> Finished Epoch 81.
++> Evaluate ./exp/demo/A pink pig/pigrabbit at epoch 81 ...
++> Evaluate epoch 81 Finished.
==> Start Training ./exp/demo/A pink pig/pigrabbit Epoch 82, lr=0.007744 ...
load checkpoint from http path: https://openmmlab-share.oss-cn-hangzhou.aliyuncs.com/mmhuman3d/models/smoothnet/smoothnet_windowsize8.pth.tar?versionId=CAEQPhiBgMDo0s7shhgiIDgzNTRmNWM2ZWEzYTQyYzRhNzUwYTkzZWZkMmU5MWEw
==> Finished Epoch 82.
++> Evaluate ./exp/demo/A pink pig/pigrabbit at epoch 82 ...
++> Evaluate epoch 82 Finished.
==> Start Training ./exp/demo/A pink pig/pigrabbit Epoch 83, lr=0.007568 ...
load checkpoint from http path: https://openmmlab-share.oss-cn-hangzhou.aliyuncs.com/mmhuman3d/models/smoothnet/smoothnet_windowsize8.pth.tar?versionId=CAEQPhiBgMDo0s7shhgiIDgzNTRmNWM2ZWEzYTQyYzRhNzUwYTkzZWZkMmU5MWEw
==> Finished Epoch 83.
++> Evaluate ./exp/demo/A pink pig/pigrabbit at epoch 83 ...
++> Evaluate epoch 83 Finished.
==> Start Training ./exp/demo/A pink pig/pigrabbit Epoch 84, lr=0.007396 ...
load checkpoint from http path: https://openmmlab-share.oss-cn-hangzhou.aliyuncs.com/mmhuman3d/models/smoothnet/smoothnet_windowsize8.pth.tar?versionId=CAEQPhiBgMDo0s7shhgiIDgzNTRmNWM2ZWEzYTQyYzRhNzUwYTkzZWZkMmU5MWEw
==> Finished Epoch 84.
++> Evaluate ./exp/demo/A pink pig/pigrabbit at epoch 84 ...
++> Evaluate epoch 84 Finished.
==> Start Training ./exp/demo/A pink pig/pigrabbit Epoch 85, lr=0.007227 ...
load checkpoint from http path: https://openmmlab-share.oss-cn-hangzhou.aliyuncs.com/mmhuman3d/models/smoothnet/smoothnet_windowsize8.pth.tar?versionId=CAEQPhiBgMDo0s7shhgiIDgzNTRmNWM2ZWEzYTQyYzRhNzUwYTkzZWZkMmU5MWEw
==> Finished Epoch 85.
++> Evaluate ./exp/demo/A pink pig/pigrabbit at epoch 85 ...
++> Evaluate epoch 85 Finished.
==> Start Training ./exp/demo/A pink pig/pigrabbit Epoch 86, lr=0.007063 ...
load checkpoint from http path: https://openmmlab-share.oss-cn-hangzhou.aliyuncs.com/mmhuman3d/models/smoothnet/smoothnet_windowsize8.pth.tar?versionId=CAEQPhiBgMDo0s7shhgiIDgzNTRmNWM2ZWEzYTQyYzRhNzUwYTkzZWZkMmU5MWEw
==> Finished Epoch 86.
++> Evaluate ./exp/demo/A pink pig/pigrabbit at epoch 86 ...
++> Evaluate epoch 86 Finished.
==> Start Training ./exp/demo/A pink pig/pigrabbit Epoch 87, lr=0.006902 ...
load checkpoint from http path: https://openmmlab-share.oss-cn-hangzhou.aliyuncs.com/mmhuman3d/models/smoothnet/smoothnet_windowsize8.pth.tar?versionId=CAEQPhiBgMDo0s7shhgiIDgzNTRmNWM2ZWEzYTQyYzRhNzUwYTkzZWZkMmU5MWEw
==> Finished Epoch 87.
++> Evaluate ./exp/demo/A pink pig/pigrabbit at epoch 87 ...
++> Evaluate epoch 87 Finished.
==> Start Training ./exp/demo/A pink pig/pigrabbit Epoch 88, lr=0.006745 ...
load checkpoint from http path: https://openmmlab-share.oss-cn-hangzhou.aliyuncs.com/mmhuman3d/models/smoothnet/smoothnet_windowsize8.pth.tar?versionId=CAEQPhiBgMDo0s7shhgiIDgzNTRmNWM2ZWEzYTQyYzRhNzUwYTkzZWZkMmU5MWEw
==> Finished Epoch 88.
++> Evaluate ./exp/demo/A pink pig/pigrabbit at epoch 88 ...
++> Evaluate epoch 88 Finished.
==> Start Training ./exp/demo/A pink pig/pigrabbit Epoch 89, lr=0.006591 ...
load checkpoint from http path: https://openmmlab-share.oss-cn-hangzhou.aliyuncs.com/mmhuman3d/models/smoothnet/smoothnet_windowsize8.pth.tar?versionId=CAEQPhiBgMDo0s7shhgiIDgzNTRmNWM2ZWEzYTQyYzRhNzUwYTkzZWZkMmU5MWEw
==> Finished Epoch 89.
++> Evaluate ./exp/demo/A pink pig/pigrabbit at epoch 89 ...
++> Evaluate epoch 89 Finished.
==> Start Training ./exp/demo/A pink pig/pigrabbit Epoch 90, lr=0.006441 ...
load checkpoint from http path: https://openmmlab-share.oss-cn-hangzhou.aliyuncs.com/mmhuman3d/models/smoothnet/smoothnet_windowsize8.pth.tar?versionId=CAEQPhiBgMDo0s7shhgiIDgzNTRmNWM2ZWEzYTQyYzRhNzUwYTkzZWZkMmU5MWEw
==> Finished Epoch 90.
++> Evaluate ./exp/demo/A pink pig/pigrabbit at epoch 90 ...
++> Evaluate epoch 90 Finished.
==> Start Training ./exp/demo/A pink pig/pigrabbit Epoch 91, lr=0.006295 ...
load checkpoint from http path: https://openmmlab-share.oss-cn-hangzhou.aliyuncs.com/mmhuman3d/models/smoothnet/smoothnet_windowsize8.pth.tar?versionId=CAEQPhiBgMDo0s7shhgiIDgzNTRmNWM2ZWEzYTQyYzRhNzUwYTkzZWZkMmU5MWEw
==> Finished Epoch 91.
++> Evaluate ./exp/demo/A pink pig/pigrabbit at epoch 91 ...
++> Evaluate epoch 91 Finished.
==> Start Training ./exp/demo/A pink pig/pigrabbit Epoch 92, lr=0.006151 ...
load checkpoint from http path: https://openmmlab-share.oss-cn-hangzhou.aliyuncs.com/mmhuman3d/models/smoothnet/smoothnet_windowsize8.pth.tar?versionId=CAEQPhiBgMDo0s7shhgiIDgzNTRmNWM2ZWEzYTQyYzRhNzUwYTkzZWZkMmU5MWEw
==> Finished Epoch 92.
++> Evaluate ./exp/demo/A pink pig/pigrabbit at epoch 92 ...
++> Evaluate epoch 92 Finished.
==> Start Training ./exp/demo/A pink pig/pigrabbit Epoch 93, lr=0.006011 ...
load checkpoint from http path: https://openmmlab-share.oss-cn-hangzhou.aliyuncs.com/mmhuman3d/models/smoothnet/smoothnet_windowsize8.pth.tar?versionId=CAEQPhiBgMDo0s7shhgiIDgzNTRmNWM2ZWEzYTQyYzRhNzUwYTkzZWZkMmU5MWEw
==> Finished Epoch 93.
++> Evaluate ./exp/demo/A pink pig/pigrabbit at epoch 93 ...
++> Evaluate epoch 93 Finished.
==> Start Training ./exp/demo/A pink pig/pigrabbit Epoch 94, lr=0.005874 ...
load checkpoint from http path: https://openmmlab-share.oss-cn-hangzhou.aliyuncs.com/mmhuman3d/models/smoothnet/smoothnet_windowsize8.pth.tar?versionId=CAEQPhiBgMDo0s7shhgiIDgzNTRmNWM2ZWEzYTQyYzRhNzUwYTkzZWZkMmU5MWEw
==> Finished Epoch 94.
++> Evaluate ./exp/demo/A pink pig/pigrabbit at epoch 94 ...
++> Evaluate epoch 94 Finished.
==> Start Training ./exp/demo/A pink pig/pigrabbit Epoch 95, lr=0.005741 ...
load checkpoint from http path: https://openmmlab-share.oss-cn-hangzhou.aliyuncs.com/mmhuman3d/models/smoothnet/smoothnet_windowsize8.pth.tar?versionId=CAEQPhiBgMDo0s7shhgiIDgzNTRmNWM2ZWEzYTQyYzRhNzUwYTkzZWZkMmU5MWEw
==> Finished Epoch 95.
++> Evaluate ./exp/demo/A pink pig/pigrabbit at epoch 95 ...
++> Evaluate epoch 95 Finished.
==> Start Training ./exp/demo/A pink pig/pigrabbit Epoch 96, lr=0.005610 ...
load checkpoint from http path: https://openmmlab-share.oss-cn-hangzhou.aliyuncs.com/mmhuman3d/models/smoothnet/smoothnet_windowsize8.pth.tar?versionId=CAEQPhiBgMDo0s7shhgiIDgzNTRmNWM2ZWEzYTQyYzRhNzUwYTkzZWZkMmU5MWEw
==> Finished Epoch 96.
++> Evaluate ./exp/demo/A pink pig/pigrabbit at epoch 96 ...
++> Evaluate epoch 96 Finished.
==> Start Training ./exp/demo/A pink pig/pigrabbit Epoch 97, lr=0.005482 ...
load checkpoint from http path: https://openmmlab-share.oss-cn-hangzhou.aliyuncs.com/mmhuman3d/models/smoothnet/smoothnet_windowsize8.pth.tar?versionId=CAEQPhiBgMDo0s7shhgiIDgzNTRmNWM2ZWEzYTQyYzRhNzUwYTkzZWZkMmU5MWEw
==> Finished Epoch 97.
++> Evaluate ./exp/demo/A pink pig/pigrabbit at epoch 97 ...
++> Evaluate epoch 97 Finished.
==> Start Training ./exp/demo/A pink pig/pigrabbit Epoch 98, lr=0.005358 ...
load checkpoint from http path: https://openmmlab-share.oss-cn-hangzhou.aliyuncs.com/mmhuman3d/models/smoothnet/smoothnet_windowsize8.pth.tar?versionId=CAEQPhiBgMDo0s7shhgiIDgzNTRmNWM2ZWEzYTQyYzRhNzUwYTkzZWZkMmU5MWEw
==> Finished Epoch 98.
++> Evaluate ./exp/demo/A pink pig/pigrabbit at epoch 98 ...
++> Evaluate epoch 98 Finished.
==> Start Training ./exp/demo/A pink pig/pigrabbit Epoch 99, lr=0.005236 ...
load checkpoint from http path: https://openmmlab-share.oss-cn-hangzhou.aliyuncs.com/mmhuman3d/models/smoothnet/smoothnet_windowsize8.pth.tar?versionId=CAEQPhiBgMDo0s7shhgiIDgzNTRmNWM2ZWEzYTQyYzRhNzUwYTkzZWZkMmU5MWEw
==> Finished Epoch 99.
++> Evaluate ./exp/demo/A pink pig/pigrabbit at epoch 99 ...
++> Evaluate epoch 99 Finished.
==> Start Training ./exp/demo/A pink pig/pigrabbit Epoch 100, lr=0.005116 ...
load checkpoint from http path: https://openmmlab-share.oss-cn-hangzhou.aliyuncs.com/mmhuman3d/models/smoothnet/smoothnet_windowsize8.pth.tar?versionId=CAEQPhiBgMDo0s7shhgiIDgzNTRmNWM2ZWEzYTQyYzRhNzUwYTkzZWZkMmU5MWEw
==> Finished Epoch 100.
++> Evaluate ./exp/demo/A pink pig/pigrabbit at epoch 100 ...
++> Evaluate epoch 100 Finished.
[INFO] training takes 303.2212 minutes.
==> Start Test, save results to ./exp/demo/A pink pig/pigrabbit/results
==> Finished Test.
==> Start Test, save results to ./exp/demo/A pink pig/pigrabbit/results
load checkpoint from http path: https://openmmlab-share.oss-cn-hangzhou.aliyuncs.com/mmhuman3d/models/smoothnet/smoothnet_windowsize8.pth.tar?versionId=CAEQPhiBgMDo0s7shhgiIDgzNTRmNWM2ZWEzYTQyYzRhNzUwYTkzZWZkMmU5MWEw
save motion
==> Finished Test.
==> Saving mesh to ./exp/demo/A pink pig/pigrabbit/mesh
==> Finished saving mesh.
